2025-09-11 12:18:16,766 - [INFO] - BEGIN (implicit)
2025-09-11 12:18:16,769 - [INFO] - INSERT INTO employees (id, name, age, salary, is_active) VALUES (?, ?, ?, ?, ?)
2025-09-11 12:18:16,769 - [INFO] - [generated in 0.00033s] (12, 'desk', 12, 234.0, 1)
2025-09-11 12:18:16,770 - [INFO] - COMMIT
2025-09-11 12:18:16,772 - [INFO] - employee created successfully
2025-09-11 12:18:48,403 - [INFO] - BEGIN (implicit)
2025-09-11 12:18:48,406 - [INFO] - SELECT employees.id AS employees_id, employees.name AS employees_name, employees.age AS employees_age, employees.salary AS employees_salary, employees.is_active AS employees_is_active 
FROM employees
2025-09-11 12:18:48,406 - [INFO] - [generated in 0.00031s] ()
2025-09-11 12:25:42,813 - [INFO] - SELECT employees.id AS employees_id, employees.name AS employees_name, employees.age AS employees_age, employees.salary AS employees_salary, employees.is_active AS employees_is_active 
FROM employees
2025-09-11 12:25:42,813 - [INFO] - [cached since 414.4s ago] ()
2025-09-11 12:26:25,232 - [INFO] - SELECT employees.id AS employees_id, employees.name AS employees_name, employees.age AS employees_age, employees.salary AS employees_salary, employees.is_active AS employees_is_active 
FROM employees
2025-09-11 12:26:25,232 - [INFO] - [cached since 456.8s ago] ()
2025-09-11 12:26:29,802 - [INFO] - SELECT employees.id AS employees_id, employees.name AS employees_name, employees.age AS employees_age, employees.salary AS employees_salary, employees.is_active AS employees_is_active 
FROM employees 
WHERE employees.id = ?
 LIMIT ? OFFSET ?
2025-09-11 12:26:29,802 - [INFO] - [generated in 0.00046s] (12, 1, 0)
2025-09-11 14:11:25,548 - [INFO] - BEGIN (implicit)
2025-09-11 14:11:25,551 - [INFO] - INSERT INTO employees (id, name, age, salary, is_active) VALUES (?, ?, ?, ?, ?)
2025-09-11 14:11:25,551 - [INFO] - [generated in 0.00031s] (101, 'munni', 12, 234.0, 1)
2025-09-11 14:11:25,551 - [INFO] - ROLLBACK
2025-09-11 14:11:25,552 - [ERROR] - Duplicate employee id:(sqlite3.IntegrityError) UNIQUE constraint failed: employees.id
[SQL: INSERT INTO employees (id, name, age, salary, is_active) VALUES (?, ?, ?, ?, ?)]
[parameters: (101, 'munni', 12, 234.0, 1)]
(Background on this error at: https://sqlalche.me/e/20/gkpj)
2025-09-11 14:12:03,370 - [INFO] - BEGIN (implicit)
2025-09-11 14:12:03,373 - [INFO] - SELECT employees.id AS employees_id, employees.name AS employees_name, employees.age AS employees_age, employees.salary AS employees_salary, employees.is_active AS employees_is_active 
FROM employees
2025-09-11 14:12:03,373 - [INFO] - [generated in 0.00052s] ()
2025-09-11 14:12:03,374 - [INFO] - read all employees.
2025-09-11 14:12:22,967 - [INFO] - INSERT INTO employees (id, name, age, salary, is_active) VALUES (?, ?, ?, ?, ?)
2025-09-11 14:12:22,968 - [INFO] - [generated in 0.00079s] (101, 'mnm', 76, 567.0, 1)
2025-09-11 14:12:22,969 - [INFO] - ROLLBACK
2025-09-11 14:12:22,969 - [ERROR] - Duplicate employee id:(sqlite3.IntegrityError) UNIQUE constraint failed: employees.id
[SQL: INSERT INTO employees (id, name, age, salary, is_active) VALUES (?, ?, ?, ?, ?)]
[parameters: (101, 'mnm', 76, 567.0, 1)]
(Background on this error at: https://sqlalche.me/e/20/gkpj)
2025-09-11 14:12:43,755 - [INFO] - BEGIN (implicit)
2025-09-11 14:12:43,758 - [INFO] - SELECT employees.id AS employees_id, employees.name AS employees_name, employees.age AS employees_age, employees.salary AS employees_salary, employees.is_active AS employees_is_active 
FROM employees
2025-09-11 14:12:43,758 - [INFO] - [generated in 0.00017s] ()
2025-09-11 14:12:43,759 - [INFO] - read all employees.
2025-09-11 14:13:01,515 - [INFO] - INSERT INTO employees (id, name, age, salary, is_active) VALUES (?, ?, ?, ?, ?)
2025-09-11 14:13:01,515 - [INFO] - [generated in 0.00064s] (103, 'munn', 34, 3456.0, 1)
2025-09-11 14:13:01,517 - [INFO] - COMMIT
2025-09-11 14:13:01,519 - [INFO] - employee created successfully
2025-09-11 14:13:03,490 - [INFO] - BEGIN (implicit)
2025-09-11 14:13:03,490 - [INFO] - SELECT employees.id AS employees_id, employees.name AS employees_name, employees.age AS employees_age, employees.salary AS employees_salary, employees.is_active AS employees_is_active 
FROM employees
2025-09-11 14:13:03,491 - [INFO] - [cached since 19.73s ago] ()
2025-09-11 14:13:03,491 - [INFO] - read all employees.
2025-09-11 14:13:09,192 - [INFO] - SELECT employees.id AS employees_id, employees.name AS employees_name, employees.age AS employees_age, employees.salary AS employees_salary, employees.is_active AS employees_is_active 
FROM employees 
WHERE employees.id = ?
 LIMIT ? OFFSET ?
2025-09-11 14:13:09,193 - [INFO] - [generated in 0.00045s] (103, 1, 0)
2025-09-11 14:13:09,193 - [INFO] - read employee model.
2025-09-11 14:13:09,194 - [INFO] - read employee for given id.
2025-09-11 14:13:12,348 - [INFO] - SELECT employees.id AS employees_id, employees.name AS employees_name, employees.age AS employees_age, employees.salary AS employees_salary, employees.is_active AS employees_is_active 
FROM employees 
WHERE employees.id = ?
 LIMIT ? OFFSET ?
2025-09-11 14:13:12,349 - [INFO] - [cached since 3.156s ago] (103, 1, 0)
2025-09-11 14:13:12,349 - [INFO] - read employee model.
2025-09-11 14:13:12,350 - [INFO] - UPDATE employees SET salary=? WHERE employees.id = ?
2025-09-11 14:13:12,350 - [INFO] - [generated in 0.00012s] (789.0, 103)
2025-09-11 14:13:12,351 - [INFO] - COMMIT
2025-09-11 14:13:12,353 - [INFO] - employee with id={id} updated successfully
2025-09-11 14:13:14,558 - [INFO] - BEGIN (implicit)
2025-09-11 14:13:14,558 - [INFO] - SELECT employees.id AS employees_id, employees.name AS employees_name, employees.age AS employees_age, employees.salary AS employees_salary, employees.is_active AS employees_is_active 
FROM employees
2025-09-11 14:13:14,559 - [INFO] - [cached since 30.8s ago] ()
2025-09-11 14:13:14,559 - [INFO] - read all employees.
2025-09-11 14:13:20,003 - [INFO] - SELECT employees.id AS employees_id, employees.name AS employees_name, employees.age AS employees_age, employees.salary AS employees_salary, employees.is_active AS employees_is_active 
FROM employees 
WHERE employees.id = ?
 LIMIT ? OFFSET ?
2025-09-11 14:13:20,004 - [INFO] - [cached since 10.81s ago] (103, 1, 0)
2025-09-11 14:13:20,004 - [INFO] - read employee model.
2025-09-11 14:13:20,004 - [INFO] - read employee for given id.
2025-09-11 14:13:20,005 - [INFO] - SELECT employees.id AS employees_id, employees.name AS employees_name, employees.age AS employees_age, employees.salary AS employees_salary, employees.is_active AS employees_is_active 
FROM employees 
WHERE employees.id = ?
 LIMIT ? OFFSET ?
2025-09-11 14:13:20,005 - [INFO] - [cached since 10.81s ago] (103, 1, 0)
2025-09-11 14:13:20,005 - [INFO] - read employee model.
2025-09-11 14:13:20,007 - [INFO] - DELETE FROM employees WHERE employees.id = ?
2025-09-11 14:13:20,007 - [INFO] - [generated in 0.00026s] (103,)
2025-09-11 14:13:20,008 - [INFO] - COMMIT
2025-09-11 14:13:20,010 - [INFO] - employee with id={id} deleted successfully
2025-09-11 14:13:23,749 - [INFO] - BEGIN (implicit)
2025-09-11 14:13:23,750 - [INFO] - SELECT employees.id AS employees_id, employees.name AS employees_name, employees.age AS employees_age, employees.salary AS employees_salary, employees.is_active AS employees_is_active 
FROM employees
2025-09-11 14:13:23,750 - [INFO] - [cached since 39.99s ago] ()
2025-09-11 14:13:23,751 - [INFO] - read all employees.
